<?xml version="1.0" encoding="UTF-8"?>
<!-- Generated by org.testng.reporters.JUnitReportReporter -->
<testsuite hostname="Anusha-PC" name="gridsample.griddemo" tests="1" failures="0" timestamp="22 Mar 2018 05:50:08 GMT" time="16.189" errors="0">
  <testcase name="sampleTest" time="16.189" classname="gridsample.griddemo"/>
</testsuite> <!-- gridsample.griddemo -->
